D:\OpenSSH-Win32;
C:\Program Files (x86)\Intel\iCLS Client\;
C:\Program Files\Intel\iCLS Client\;
C:\Windows\system32;
C:\Windows;
C:\Windows\System32\Wbem;
C:\Windows\System32\WindowsPowerShell\v1.0\;
C:\Program Files\Intel\Intel(R) Management Engine Components\DAL;
C:\Program Files\Intel\Intel(R) Management Engine Components\IPT;
C:\Program Files (x86)\Intel\Intel(R) Management Engine Components\DAL;
C:\Program Files (x86)\Intel\Intel(R) Management Engine Components\IPT;
C:\Program Files\Intel\WiFi\bin\;
C:\Program Files\Common Files\Intel\WirelessCommon\;
C:\Program Files\Java\jdk1.8.0_51\bin;
C:\Program Files (x86)\Windows Kits\8.1\Windows Performance Toolkit\;
C:\Program Files\Microsoft SQL Server\110\Tools\Binn\;
C:\Program Files (x86)\Microsoft SDKs\TypeScript\1.0\;
C:\Program Files\Microsoft SQL Server\120\Tools\Binn\;
C:\Anaconda;
C:\Anaconda\Scripts;
C:\HashiCorp\Vagrant\bin;
C:\Program Files\Micron Technology\Micron Storage Executive;
C:\Program Files\nodejs\;
C:\bin;
C:\Go\bin;
C:\Users\Administrator\Work;
C:\Program Files\Oracle\VirtualBox

